-------------------------------------------------------------------------------
Test set: com.example.demoh2.Demoh2ApplicationTests
-------------------------------------------------------------------------------
Tests run: 1, Failures: 0, Errors: 1, Skipped: 0, Time elapsed: 30.916 s <<< FAILURE! - in com.example.demoh2.Demoh2ApplicationTests
contextLoads(com.example.demoh2.Demoh2ApplicationTests)  Time elapsed: 0.01 s  <<< ERROR!
java.lang.IllegalStateException: Failed to load ApplicationContext
Caused by: org.springframework.beans.factory.BeanCreationException: Error creating bean with name 'entityManagerFactory' defined in class path resource [org/springframework/boot/autoconfigure/orm/jpa/HibernateJpaConfiguration.class]: Invocation of init method failed; nested exception is javax.persistence.PersistenceException: [PersistenceUnit: default] Unable to build Hibernate SessionFactory; nested exception is org.hibernate.MappingException: Could not determine type for: com.example.demoh2.model.Order, at table: item, for columns: [org.hibernate.mapping.Column(order)]
Caused by: javax.persistence.PersistenceException: [PersistenceUnit: default] Unable to build Hibernate SessionFactory; nested exception is org.hibernate.MappingException: Could not determine type for: com.example.demoh2.model.Order, at table: item, for columns: [org.hibernate.mapping.Column(order)]
Caused by: org.hibernate.MappingException: Could not determine type for: com.example.demoh2.model.Order, at table: item, for columns: [org.hibernate.mapping.Column(order)]

